2025-09-02 00:34:56,564 - INFO - Moved 1.jpeg to Images/
2025-09-02 00:34:56,565 - INFO - Moved 11.jpg to Images/
2025-09-02 00:34:56,566 - INFO - Moved 2.jpeg to Images/
2025-09-02 00:34:56,567 - INFO - Moved 3.jpeg to Images/
2025-09-02 00:34:56,568 - INFO - Moved 4.jpeg to Images/
2025-09-02 00:34:56,568 - INFO - Moved 5.jpeg to Images/
2025-09-02 00:34:56,569 - INFO - Moved 6.jpeg to Images/
2025-09-02 00:34:56,570 - INFO - Moved 7.jpeg to Images/
2025-09-02 00:34:56,570 - INFO - Moved 77.jpg to Images/
2025-09-02 00:34:56,571 - INFO - Moved 8.jpeg to Images/
2025-09-02 00:34:56,572 - INFO - Moved 9.jpeg to Images/
2025-09-02 00:34:56,572 - INFO - Moved api.js to Others/
2025-09-02 00:34:56,573 - INFO - Moved ayush resume.pdf to Documents/
2025-09-02 00:34:56,575 - INFO - Moved deep clg receipt.pdf to Documents/
2025-09-02 00:34:56,577 - INFO - Moved deep nda.docx to Documents/
2025-09-02 00:34:56,577 - INFO - Moved deep profile.jpg to Images/
2025-09-02 00:34:56,578 - INFO - Moved deep profile1.jpg to Images/
2025-09-02 00:34:56,579 - INFO - Moved deep resume word with django.pdf to Documents/
2025-09-02 00:34:56,579 - INFO - Moved deep-best-resume.pdf to Documents/
2025-09-02 00:34:56,580 - INFO - Moved Deepgupta.pdf to Documents/
2025-09-02 00:34:56,581 - INFO - Moved desktop.ini to Others/
2025-09-02 00:34:56,581 - INFO - Moved Docker Desktop Installer.exe to Others/
2025-09-02 00:34:56,582 - INFO - Moved Fullstack - Shopping Cart..pdf to Documents/
2025-09-02 00:34:56,583 - INFO - Moved gaurav registration.pdf to Documents/
2025-09-02 00:34:56,584 - INFO - Moved go1.24.5.windows-amd64.msi to Others/
2025-09-02 00:34:56,584 - INFO - Moved Hire3x Proctoring Agent Setup 1.0.7.exe to Others/
2025-09-02 00:34:56,585 - INFO - Moved Maamla Legal Hai S01 E06 WebRip 720p Hindi AAC 5.1 x264 MSubs - mkvCinemas.mkv to Videos/
2025-09-02 00:34:56,586 - INFO - Moved Maamla Legal Hai S01 E07 WebRip 720p Hindi AAC 5.1 x264 MSubs - mkvCinemas.mkv to Videos/
2025-09-02 00:34:56,587 - INFO - Moved Maamla Legal Hai S01 E08 WebRip 720p Hindi AAC 5.1 x264 MSubs - mkvCinemas.mkv to Videos/
2025-09-02 00:34:56,588 - INFO - Moved MSB.exe to Others/
2025-09-02 00:34:56,589 - INFO - Moved open source.txt to Documents/
2025-09-02 00:34:56,589 - INFO - Moved postgresql-17.5-3-windows-x64.exe to Others/
2025-09-02 00:34:56,590 - INFO - Moved Postman-win64-Setup.exe to Others/
2025-09-02 00:34:56,590 - INFO - Moved ProtonVPN_v3.5.1_x64.exe to Others/
2025-09-02 00:34:56,591 - INFO - Moved Resume_Deep_Gupta.pdf to Documents/
2025-09-02 00:34:56,592 - INFO - Moved sabtool_win8_10_11_v170530.zip to Archives/
2025-09-02 00:34:56,593 - INFO - Moved WhatsApp Image 2025-08-08 at 14.14.20_ccaa4bcb.jpg to Images/
2025-09-02 00:34:56,593 - INFO - Moved [T] Foundational Skills Assessment.txt to Documents/
2025-09-02 00:37:09,534 - INFO - Moved Breaking Bad S05 E01 BluRay 720p Hindi 2.0 English 5.1 AAC x264 ESub - mkvCinemas.mkv to Videos/
2025-09-02 00:37:09,534 - INFO - Moved Breaking Bad S05 E02 BluRay 720p Hindi 2.0 English 5.1 AAC x264 ESub - mkvCinemas.mkv to Videos/
2025-09-02 00:37:09,831 - INFO - Moved Breaking Bad S05 E03 BluRay 720p Hindi 2.0 English 5.1 AAC x264 ESub - mkvCinemas.mkv to Videos/
2025-09-02 00:37:09,833 - INFO - Moved Breaking Bad S05 E04 BluRay 720p Hindi 2.0 English 5.1 AAC x264 ESub - mkvCinemas.mkv to Videos/
2025-09-02 00:37:09,834 - INFO - Moved Breaking Bad S05 E05 BluRay 720p Hindi 2.0 English 5.1 AAC x264 ESub - mkvCinemas.mkv to Videos/
2025-09-02 00:37:09,836 - INFO - Moved Breaking Bad S05 E06 BluRay 720p Hindi 2.0 English 5.1 AAC x264 ESub - mkvCinemas.mkv to Videos/
2025-09-02 00:37:09,837 - INFO - Moved Breaking Bad S05 E07 BluRay 720p Hindi 2.0 English 5.1 AAC x264 ESub - mkvCinemas.mkv to Videos/
2025-09-02 00:37:09,838 - INFO - Moved Breaking Bad S05 E08 BluRay 720p Hindi 2.0 English 5.1 AAC x264 ESub - mkvCinemas.mkv to Videos/
2025-09-02 00:37:09,839 - INFO - Moved Breaking Bad S05 E09 BluRay 720p Hindi 2.0 English 5.1 AAC x264 ESub - mkvCinemas.mkv to Videos/
2025-09-02 00:37:09,840 - INFO - Moved Breaking Bad S05 E10 BluRay 720p Hindi 2.0 English 5.1 AAC x264 ESub - mkvCinemas.mkv to Videos/
2025-09-02 00:37:09,840 - INFO - Moved Breaking Bad S05 E11 BluRay 720p Hindi 2.0 English 5.1 AAC x264 ESub - mkvCinemas.mkv to Videos/
2025-09-02 00:37:09,841 - INFO - Moved Breaking Bad S05 E12 BluRay 720p Hindi 2.0 English 5.1 AAC x264 ESub - mkvCinemas.mkv to Videos/
2025-09-02 00:37:09,842 - INFO - Moved Breaking Bad S05 E13 BluRay 720p Hindi 2.0 English 5.1 AAC x264 ESub - mkvCinemas.mkv to Videos/
2025-09-02 00:37:09,842 - INFO - Moved Breaking Bad S05 E14 BluRay 720p Hindi 2.0 English 5.1 AAC x264 ESub - mkvCinemas.mkv to Videos/
2025-09-02 00:37:09,842 - INFO - Moved Breaking Bad S05 E15 BluRay 720p Hindi 2.0 English 5.1 AAC x264 ESub - mkvCinemas.mkv to Videos/
2025-09-02 00:37:09,873 - INFO - Moved Breaking Bad S05 E16 BluRay 720p Hindi 2.0 English 5.1 AAC x264 ESub - mkvCinemas.mkv to Videos/
